[LOG] System::create                           : Header version = 2.00.08. Current version = 2.00.08.
[LOG] Manager::init                            : maxchannels = 256 studioflags = 00000006 flags 00000000 extradriverdata 0000000000000000.
[LOG] SystemI::init                            : Initialize version=20008 (108014), maxchannels=256, flags=0x00020000
[LOG] SystemI::setOutputInternal               : Setting output to 'FMOD WASAPI Output'
[LOG] OutputWASAPI::init                       : Mix Format (WAVEFORMATEX): wFormatTag=0xFFFE, nChannels=2, nSamplesPerSec=48000, nAvgBytesPerSec=384000, nBlockAlign=8, wBitsPerSample=32, cbSize=22.
[LOG] OutputWASAPI::init                       : Mix Format (WAVEFORMATEXTENSIBLE): wValidBitsPerSample=32, dwChannelMask=0x00000003, SubFormat=00000003-0000-0010-8000-00AA00389B71.
[LOG] OutputWASAPI::init                       : Output buffer size: 4096 samples, latency: 0.00ms, period: 10.00ms, DSP buffer: 1024 * 4
[LOG] Thread::initThread                       : Init FMOD stream thread. Priority: 2, Stack Size: 98304, Semaphore: No, Sleep Time: 10, Looping: Yes.
[LOG] Thread::initThread                       : Init FMOD mixer thread. Priority: 3, Stack Size: 81920, Semaphore: No, Sleep Time: 0, Looping: Yes.
[LOG] AsyncManager::init                       : manager 000001882E2A76A8 isAsync 0 updatePeriod 0.02
[LOG] AsyncManager::init                       : done
[LOG] PlaybackSystem::init                     : 
[LOG] Thread::initThread                       : Init FMOD Studio sample load thread. Priority: 0, Stack Size: 98304, Semaphore: No, Sleep Time: 1, Looping: No.
[LOG] PlaybackSystem::init                     : done
[LOG] Thread::initThread                       : Init FMOD Studio bank load thread. Priority: 0, Stack Size: 98304, Semaphore: No, Sleep Time: 1, Looping: No.
[LOG] Manager::init                            : done.
[LOG] SystemI::createSoundInternal             : Create name='', mode=0x02000202
[LOG] SystemI::createSoundInternal             : exinfo->cbsize             = 224
[LOG] SystemI::createSoundInternal             : exinfo->length             = 3175584
[LOG] SystemI::createSoundInternal             : exinfo->fileoffset         = 25504
[LOG] SystemI::createSoundInternal             : exinfo->numsubsounds       = 1
[LOG] SystemI::createSoundInternal             : exinfo->inclusionlist      = 00000036EF26F37C
[LOG] SystemI::createSoundInternal             : exinfo->inclusionlistnum   = 1
[LOG] SystemI::createSoundInternal             : exinfo->suggestedsoundtype = 5
[LOG] SystemI::createSoundInternal             : exinfo->useropen           = 00007FFF43BCC320
[LOG] SystemI::createSoundInternal             : exinfo->userclose          = 00007FFF43BCC2F0
[LOG] SystemI::createSoundInternal             : exinfo->userread           = 00007FFF43BCC3F0
[LOG] SystemI::createSoundInternal             : exinfo->userseek           = 00007FFF43BCC4B0
[LOG] SystemI::createSoundInternal             : exinfo->fileuserdata       = 0000018829A655D8
[LOG] SystemI::createSoundInternal             : exinfo->initialseekpostype = 1
[LOG] SystemI::DSPCodecPoolRegister            : register codec pool for pool type 5
[LOG] SystemI::createSoundInternal             : Sample 0/1: name='glitch_06', format=2, channels=2, frequency=48000, lengthbytes=6848, lengthpcm=26400, pcmblocksize=0, loopstart=0, loopend=0, mode=0x00000000, channelmask=0x00000000, channelorder=0, peakvolume=0.327076.
[LOG] SystemI::createSoundInternal             : Create name='', mode=0x02000202
[LOG] SystemI::createSoundInternal             : exinfo->cbsize             = 224
[LOG] SystemI::createSoundInternal             : exinfo->length             = 3175584
[LOG] SystemI::createSoundInternal             : exinfo->fileoffset         = 25504
[LOG] SystemI::createSoundInternal             : exinfo->numsubsounds       = 1
[LOG] SystemI::createSoundInternal             : exinfo->inclusionlist      = 00000036EF26F37C
[LOG] SystemI::createSoundInternal             : exinfo->inclusionlistnum   = 1
[LOG] SystemI::createSoundInternal             : exinfo->suggestedsoundtype = 5
[LOG] SystemI::createSoundInternal             : exinfo->useropen           = 00007FFF43BCC320
[LOG] SystemI::createSoundInternal             : exinfo->userclose          = 00007FFF43BCC2F0
[LOG] SystemI::createSoundInternal             : exinfo->userread           = 00007FFF43BCC3F0
[LOG] SystemI::createSoundInternal             : exinfo->userseek           = 00007FFF43BCC4B0
[LOG] SystemI::createSoundInternal             : exinfo->fileuserdata       = 0000018829A655D8
[LOG] SystemI::createSoundInternal             : exinfo->initialseekpostype = 1
[LOG] SystemI::DSPCodecPoolRegister            : register codec pool for pool type 5
[LOG] SystemI::createSoundInternal             : Sample 0/1: name='glitch_01', format=2, channels=2, frequency=48000, lengthbytes=12608, lengthpcm=39681, pcmblocksize=0, loopstart=0, loopend=0, mode=0x00000000, channelmask=0x00000000, channelorder=0, peakvolume=0.320093.
[LOG] SystemI::createSoundInternal             : Create name='', mode=0x02000202
[LOG] SystemI::createSoundInternal             : exinfo->cbsize             = 224
[LOG] SystemI::createSoundInternal             : exinfo->length             = 3175584
[LOG] SystemI::createSoundInternal             : exinfo->fileoffset         = 25504
[LOG] SystemI::createSoundInternal             : exinfo->numsubsounds       = 1
[LOG] SystemI::createSoundInternal             : exinfo->inclusionlist      = 00000036EF26F37C
[LOG] SystemI::createSoundInternal             : exinfo->inclusionlistnum   = 1
[LOG] SystemI::createSoundInternal             : exinfo->suggestedsoundtype = 5
[LOG] SystemI::createSoundInternal             : exinfo->useropen           = 00007FFF43BCC320
[LOG] SystemI::createSoundInternal             : exinfo->userclose          = 00007FFF43BCC2F0
[LOG] SystemI::createSoundInternal             : exinfo->userread           = 00007FFF43BCC3F0
[LOG] SystemI::createSoundInternal             : exinfo->userseek           = 00007FFF43BCC4B0
[LOG] SystemI::createSoundInternal             : exinfo->fileuserdata       = 0000018829A655D8
[LOG] SystemI::createSoundInternal             : exinfo->initialseekpostype = 1
[LOG] SystemI::DSPCodecPoolRegister            : register codec pool for pool type 5
[LOG] SystemI::createSoundInternal             : Sample 0/1: name='glitch_05', format=2, channels=2, frequency=48000, lengthbytes=6112, lengthpcm=23363, pcmblocksize=0, loopstart=0, loopend=0, mode=0x00000000, channelmask=0x00000000, channelorder=0, peakvolume=0.266397.
[LOG] SystemI::createSoundInternal             : Create name='', mode=0x02000202
[LOG] SystemI::createSoundInternal             : exinfo->cbsize             = 224
[LOG] SystemI::createSoundInternal             : exinfo->length             = 3175584
[LOG] SystemI::createSoundInternal             : exinfo->fileoffset         = 25504
[LOG] SystemI::createSoundInternal             : exinfo->numsubsounds       = 1
[LOG] SystemI::createSoundInternal             : exinfo->inclusionlist      = 00000036EF26F37C
[LOG] SystemI::createSoundInternal             : exinfo->inclusionlistnum   = 1
[LOG] SystemI::createSoundInternal             : exinfo->suggestedsoundtype = 5
[LOG] SystemI::createSoundInternal             : exinfo->useropen           = 00007FFF43BCC320
[LOG] SystemI::createSoundInternal             : exinfo->userclose          = 00007FFF43BCC2F0
[LOG] SystemI::createSoundInternal             : exinfo->userread           = 00007FFF43BCC3F0
[LOG] SystemI::createSoundInternal             : exinfo->userseek           = 00007FFF43BCC4B0
[LOG] SystemI::createSoundInternal             : exinfo->fileuserdata       = 0000018829A655D8
[LOG] SystemI::createSoundInternal             : exinfo->initialseekpostype = 1
[LOG] SystemI::DSPCodecPoolRegister            : register codec pool for pool type 5
[LOG] SystemI::createSoundInternal             : Sample 0/1: name='glitch_02', format=2, channels=2, frequency=48000, lengthbytes=7520, lengthpcm=35138, pcmblocksize=0, loopstart=0, loopend=0, mode=0x00000000, channelmask=0x00000000, channelorder=0, peakvolume=0.240718.
[LOG] SystemI::createSoundInternal             : Create name='', mode=0x02000202
[LOG] SystemI::createSoundInternal             : exinfo->cbsize             = 224
[LOG] SystemI::createSoundInternal             : exinfo->length             = 3175584
[LOG] SystemI::createSoundInternal             : exinfo->fileoffset         = 25504
[LOG] SystemI::createSoundInternal             : exinfo->numsubsounds       = 1
[LOG] SystemI::createSoundInternal             : exinfo->inclusionlist      = 00000036EF26F37C
[LOG] SystemI::createSoundInternal             : exinfo->inclusionlistnum   = 1
[LOG] SystemI::createSoundInternal             : exinfo->suggestedsoundtype = 5
[LOG] SystemI::createSoundInternal             : exinfo->useropen           = 00007FFF43BCC320
[LOG] SystemI::createSoundInternal             : exinfo->userclose          = 00007FFF43BCC2F0
[LOG] SystemI::createSoundInternal             : exinfo->userread           = 00007FFF43BCC3F0
[LOG] SystemI::createSoundInternal             : exinfo->userseek           = 00007FFF43BCC4B0
[LOG] SystemI::createSoundInternal             : exinfo->fileuserdata       = 0000018829A655D8
[LOG] SystemI::createSoundInternal             : exinfo->initialseekpostype = 1
[LOG] SystemI::DSPCodecPoolRegister            : register codec pool for pool type 5
[LOG] SystemI::createSoundInternal             : Sample 0/1: name='glitch_04', format=2, channels=2, frequency=48000, lengthbytes=12608, lengthpcm=43200, pcmblocksize=0, loopstart=0, loopend=0, mode=0x00000000, channelmask=0x00000000, channelorder=0, peakvolume=0.307886.
[LOG] SystemI::createSoundInternal             : Create name='', mode=0x02000202
[LOG] SystemI::createSoundInternal             : exinfo->cbsize             = 224
[LOG] SystemI::createSoundInternal             : exinfo->length             = 3175584
[LOG] SystemI::createSoundInternal             : exinfo->fileoffset         = 25504
[LOG] SystemI::createSoundInternal             : exinfo->numsubsounds       = 1
[LOG] SystemI::createSoundInternal             : exinfo->inclusionlist      = 00000036EF26F37C
[LOG] SystemI::createSoundInternal             : exinfo->inclusionlistnum   = 1
[LOG] SystemI::createSoundInternal             : exinfo->suggestedsoundtype = 5
[LOG] SystemI::createSoundInternal             : exinfo->useropen           = 00007FFF43BCC320
[LOG] SystemI::createSoundInternal             : exinfo->userclose          = 00007FFF43BCC2F0
[LOG] SystemI::createSoundInternal             : exinfo->userread           = 00007FFF43BCC3F0
[LOG] SystemI::createSoundInternal             : exinfo->userseek           = 00007FFF43BCC4B0
[LOG] SystemI::createSoundInternal             : exinfo->fileuserdata       = 0000018829A655D8
[LOG] SystemI::createSoundInternal             : exinfo->initialseekpostype = 1
[LOG] SystemI::DSPCodecPoolRegister            : register codec pool for pool type 5
[LOG] SystemI::createSoundInternal             : Sample 0/1: name='glitch_03', format=2, channels=2, frequency=48000, lengthbytes=8352, lengthpcm=32796, pcmblocksize=0, loopstart=0, loopend=0, mode=0x00000000, channelmask=0x00000000, channelorder=0, peakvolume=0.373288.
[LOG] SystemI::createSoundInternal             : Create name='', mode=0x02000202
[LOG] SystemI::createSoundInternal             : exinfo->cbsize             = 224
[LOG] SystemI::createSoundInternal             : exinfo->length             = 3175584
[LOG] SystemI::createSoundInternal             : exinfo->fileoffset         = 25504
[LOG] SystemI::createSoundInternal             : exinfo->numsubsounds       = 1
[LOG] SystemI::createSoundInternal             : exinfo->inclusionlist      = 00000036EF26F37C
[LOG] SystemI::createSoundInternal             : exinfo->inclusionlistnum   = 1
[LOG] SystemI::createSoundInternal             : exinfo->suggestedsoundtype = 5
[LOG] SystemI::createSoundInternal             : exinfo->useropen           = 00007FFF43BCC320
[LOG] SystemI::createSoundInternal             : exinfo->userclose          = 00007FFF43BCC2F0
[LOG] SystemI::createSoundInternal             : exinfo->userread           = 00007FFF43BCC3F0
[LOG] SystemI::createSoundInternal             : exinfo->userseek           = 00007FFF43BCC4B0
[LOG] SystemI::createSoundInternal             : exinfo->fileuserdata       = 0000018829A657E8
[LOG] SystemI::createSoundInternal             : exinfo->initialseekpostype = 1
[LOG] SystemI::DSPCodecPoolRegister            : register codec pool for pool type 5
[LOG] SystemI::createSoundInternal             : Sample 0/1: name='jump_05', format=2, channels=2, frequency=48000, lengthbytes=3744, lengthpcm=13353, pcmblocksize=0, loopstart=0, loopend=0, mode=0x00000000, channelmask=0x00000000, channelorder=0, peakvolume=0.049552.
[LOG] SystemI::createSoundInternal             : Create name='', mode=0x02000202
[LOG] SystemI::createSoundInternal             : exinfo->cbsize             = 224
[LOG] SystemI::createSoundInternal             : exinfo->length             = 3175584
[LOG] SystemI::createSoundInternal             : exinfo->fileoffset         = 25504
[LOG] SystemI::createSoundInternal             : exinfo->numsubsounds       = 1
[LOG] SystemI::createSoundInternal             : exinfo->inclusionlist      = 00000036EF26F37C
[LOG] SystemI::createSoundInternal             : exinfo->inclusionlistnum   = 1
[LOG] SystemI::createSoundInternal             : exinfo->suggestedsoundtype = 5
[LOG] SystemI::createSoundInternal             : exinfo->useropen           = 00007FFF43BCC320
[LOG] SystemI::createSoundInternal             : exinfo->userclose          = 00007FFF43BCC2F0
[LOG] SystemI::createSoundInternal             : exinfo->userread           = 00007FFF43BCC3F0
[LOG] SystemI::createSoundInternal             : exinfo->userseek           = 00007FFF43BCC4B0
[LOG] SystemI::createSoundInternal             : exinfo->fileuserdata       = 0000018829A657E8
[LOG] SystemI::createSoundInternal             : exinfo->initialseekpostype = 1
[LOG] SystemI::DSPCodecPoolRegister            : register codec pool for pool type 5
[LOG] SystemI::createSoundInternal             : Sample 0/1: name='jump_02', format=2, channels=2, frequency=48000, lengthbytes=2816, lengthpcm=10406, pcmblocksize=0, loopstart=0, loopend=0, mode=0x00000000, channelmask=0x00000000, channelorder=0, peakvolume=0.032160.
[LOG] SystemI::createSoundInternal             : Create name='', mode=0x02000202
[LOG] SystemI::createSoundInternal             : exinfo->cbsize             = 224
[LOG] SystemI::createSoundInternal             : exinfo->length             = 3175584
[LOG] SystemI::createSoundInternal             : exinfo->fileoffset         = 25504
[LOG] SystemI::createSoundInternal             : exinfo->numsubsounds       = 1
[LOG] SystemI::createSoundInternal             : exinfo->inclusionlist      = 00000036EF26F37C
[LOG] SystemI::createSoundInternal             : exinfo->inclusionlistnum   = 1
[LOG] SystemI::createSoundInternal             : exinfo->suggestedsoundtype = 5
[LOG] SystemI::createSoundInternal             : exinfo->useropen           = 00007FFF43BCC320
[LOG] SystemI::createSoundInternal             : exinfo->userclose          = 00007FFF43BCC2F0
[LOG] SystemI::createSoundInternal             : exinfo->userread           = 00007FFF43BCC3F0
[LOG] SystemI::createSoundInternal             : exinfo->userseek           = 00007FFF43BCC4B0
[LOG] SystemI::createSoundInternal             : exinfo->fileuserdata       = 0000018829A657E8
[LOG] SystemI::createSoundInternal             : exinfo->initialseekpostype = 1
[LOG] SystemI::DSPCodecPoolRegister            : register codec pool for pool type 5
[LOG] SystemI::createSoundInternal             : Sample 0/1: name='jump_03', format=2, channels=2, frequency=48000, lengthbytes=2336, lengthpcm=8782, pcmblocksize=0, loopstart=0, loopend=0, mode=0x00000000, channelmask=0x00000000, channelorder=0, peakvolume=0.050135.
[LOG] SystemI::createSoundInternal             : Create name='', mode=0x02000202
[LOG] SystemI::createSoundInternal             : exinfo->cbsize             = 224
[LOG] SystemI::createSoundInternal             : exinfo->length             = 3175584
[LOG] SystemI::createSoundInternal             : exinfo->fileoffset         = 25504
[LOG] SystemI::createSoundInternal             : exinfo->numsubsounds       = 1
[LOG] SystemI::createSoundInternal             : exinfo->inclusionlist      = 00000036EF26F37C
[LOG] SystemI::createSoundInternal             : exinfo->inclusionlistnum   = 1
[LOG] SystemI::createSoundInternal             : exinfo->suggestedsoundtype = 5
[LOG] SystemI::createSoundInternal             : exinfo->useropen           = 00007FFF43BCC320
[LOG] SystemI::createSoundInternal             : exinfo->userclose          = 00007FFF43BCC2F0
[LOG] SystemI::createSoundInternal             : exinfo->userread           = 00007FFF43BCC3F0
[LOG] SystemI::createSoundInternal             : exinfo->userseek           = 00007FFF43BCC4B0
[LOG] SystemI::createSoundInternal             : exinfo->fileuserdata       = 0000018829A657E8
[LOG] SystemI::createSoundInternal             : exinfo->initialseekpostype = 1
[LOG] SystemI::DSPCodecPoolRegister            : register codec pool for pool type 5
[LOG] SystemI::createSoundInternal             : Sample 0/1: name='jump_01', format=2, channels=2, frequency=48000, lengthbytes=3776, lengthpcm=14034, pcmblocksize=0, loopstart=0, loopend=0, mode=0x00000000, channelmask=0x00000000, channelorder=0, peakvolume=0.050011.
[LOG] SystemI::createSoundInternal             : Create name='', mode=0x02000202
[LOG] SystemI::createSoundInternal             : exinfo->cbsize             = 224
[LOG] SystemI::createSoundInternal             : exinfo->length             = 3175584
[LOG] SystemI::createSoundInternal             : exinfo->fileoffset         = 25504
[LOG] SystemI::createSoundInternal             : exinfo->numsubsounds       = 1
[LOG] SystemI::createSoundInternal             : exinfo->inclusionlist      = 00000036EF26F37C
[LOG] SystemI::createSoundInternal             : exinfo->inclusionlistnum   = 1
[LOG] SystemI::createSoundInternal             : exinfo->suggestedsoundtype = 5
[LOG] SystemI::createSoundInternal             : exinfo->useropen           = 00007FFF43BCC320
[LOG] SystemI::createSoundInternal             : exinfo->userclose          = 00007FFF43BCC2F0
[LOG] SystemI::createSoundInternal             : exinfo->userread           = 00007FFF43BCC3F0
[LOG] SystemI::createSoundInternal             : exinfo->userseek           = 00007FFF43BCC4B0
[LOG] SystemI::createSoundInternal             : exinfo->fileuserdata       = 0000018829A657E8
[LOG] SystemI::createSoundInternal             : exinfo->initialseekpostype = 1
[LOG] SystemI::DSPCodecPoolRegister            : register codec pool for pool type 5
[LOG] SystemI::createSoundInternal             : Sample 0/1: name='jump_07', format=2, channels=2, frequency=48000, lengthbytes=3168, lengthpcm=10998, pcmblocksize=0, loopstart=0, loopend=0, mode=0x00000000, channelmask=0x00000000, channelorder=0, peakvolume=0.049321.
[LOG] SystemI::createSoundInternal             : Create name='', mode=0x02000202
[LOG] SystemI::createSoundInternal             : exinfo->cbsize             = 224
[LOG] SystemI::createSoundInternal             : exinfo->length             = 3175584
[LOG] SystemI::createSoundInternal             : exinfo->fileoffset         = 25504
[LOG] SystemI::createSoundInternal             : exinfo->numsubsounds       = 1
[LOG] SystemI::createSoundInternal             : exinfo->inclusionlist      = 00000036EF26F37C
[LOG] SystemI::createSoundInternal             : exinfo->inclusionlistnum   = 1
[LOG] SystemI::createSoundInternal             : exinfo->suggestedsoundtype = 5
[LOG] SystemI::createSoundInternal             : exinfo->useropen           = 00007FFF43BCC320
[LOG] SystemI::createSoundInternal             : exinfo->userclose          = 00007FFF43BCC2F0
[LOG] SystemI::createSoundInternal             : exinfo->userread           = 00007FFF43BCC3F0
[LOG] SystemI::createSoundInternal             : exinfo->userseek           = 00007FFF43BCC4B0
[LOG] SystemI::createSoundInternal             : exinfo->fileuserdata       = 0000018829A657E8
[LOG] SystemI::createSoundInternal             : exinfo->initialseekpostype = 1
[LOG] SystemI::DSPCodecPoolRegister            : register codec pool for pool type 5
[LOG] SystemI::createSoundInternal             : Sample 0/1: name='jump_04', format=2, channels=2, frequency=48000, lengthbytes=3360, lengthpcm=12172, pcmblocksize=0, loopstart=0, loopend=0, mode=0x00000000, channelmask=0x00000000, channelorder=0, peakvolume=0.048035.
[LOG] SystemI::createSoundInternal             : Create name='', mode=0x02000202
[LOG] SystemI::createSoundInternal             : exinfo->cbsize             = 224
[LOG] SystemI::createSoundInternal             : exinfo->length             = 3175584
[LOG] SystemI::createSoundInternal             : exinfo->fileoffset         = 25504
[LOG] SystemI::createSoundInternal             : exinfo->numsubsounds       = 1
[LOG] SystemI::createSoundInternal             : exinfo->inclusionlist      = 00000036EF26F37C
[LOG] SystemI::createSoundInternal             : exinfo->inclusionlistnum   = 1
[LOG] SystemI::createSoundInternal             : exinfo->suggestedsoundtype = 5
[LOG] SystemI::createSoundInternal             : exinfo->useropen           = 00007FFF43BCC320
[LOG] SystemI::createSoundInternal             : exinfo->userclose          = 00007FFF43BCC2F0
[LOG] SystemI::createSoundInternal             : exinfo->userread           = 00007FFF43BCC3F0
[LOG] SystemI::createSoundInternal             : exinfo->userseek           = 00007FFF43BCC4B0
[LOG] SystemI::createSoundInternal             : exinfo->fileuserdata       = 0000018829A657E8
[LOG] SystemI::createSoundInternal             : exinfo->initialseekpostype = 1
[LOG] SystemI::DSPCodecPoolRegister            : register codec pool for pool type 5
[LOG] SystemI::createSoundInternal             : Sample 0/1: name='jump_06', format=2, channels=2, frequency=48000, lengthbytes=4192, lengthpcm=14272, pcmblocksize=0, loopstart=0, loopend=0, mode=0x00000000, channelmask=0x00000000, channelorder=0, peakvolume=0.033157.
[LOG] SoundI::release                          : WIW-v0_B (0000018A02F2E358)
[LOG] SoundI::release                          :     WIW-v0_B (00000189FE97F338)
[LOG] SoundI::release                          :     WIW-v0_B (000001882E1D0038)
[LOG] SoundI::release                          : WIW-v0_A (0000018A02F2ED78)
[LOG] SoundI::release                          :     WIW-v0_A (00000189FE97FCF8)
[LOG] SoundI::release                          :     WIW-v0_A (000001882E1CF978)
[LOG] SoundI::release                          : AMB_ROOMTONE (0000018A02F2E1A8)
[LOG] SoundI::release                          :     AMB_ROOMTONE (0000018829F5BC38)
[LOG] SoundI::release                          :     AMB_ROOMTONE (000001882E1CFE88)
[LOG] SoundI::release                          :  (00000188277F44C8)
[LOG] SoundI::release                          :     glitch_03 (0000018829643098)
[LOG] SoundI::release                          :  (00000188277F4358)
[LOG] SoundI::release                          :     glitch_02 (000001882ABE9258)
[LOG] SoundI::release                          :  (00000188277F6E78)
[LOG] SoundI::release                          :     glitch_01 (000001882ABE6E98)
[LOG] SoundI::release                          :  (00000188277F5A58)
[LOG] SoundI::release                          :     glitch_06 (000001882ABE5E58)
[LOG] SoundI::release                          :  (00000188277F41E8)
[LOG] SoundI::release                          :     glitch_05 (000001882ABE8A38)
[LOG] SoundI::release                          :  (00000188277F4638)
[LOG] SoundI::release                          :     glitch_04 (0000018829641358)
[LOG] SoundI::release                          :  (000001882A990248)
[LOG] SoundI::release                          :     lever_activate (0000018829F5BF78)
[LOG] SoundI::release                          :  (000001882A990AE8)
[LOG] SoundI::release                          :     door_close (00000189FE9801D8)
[LOG] SoundI::release                          :  (000001882A991388)
[LOG] SoundI::release                          :     pressure_plate (00000189FE980378)
[LOG] SoundI::release                          :  (00000188277F6018)
[LOG] SoundI::release                          :     jump_07 (0000018829642538)
[LOG] SoundI::release                          :  (00000188277F6468)
[LOG] SoundI::release                          :     jump_06 (00000189FE981078)
[LOG] SoundI::release                          :  (00000188277F4D68)
[LOG] SoundI::release                          :     jump_05 (0000018829640998)
[LOG] SoundI::release                          :  (00000188277F6188)
[LOG] SoundI::release                          :     jump_04 (00000188296426D8)
[LOG] SoundI::release                          :  (00000188277F5BC8)
[LOG] SoundI::release                          :     jump_03 (00000188296414F8)
[LOG] SoundI::release                          :  (00000188277F5498)
[LOG] SoundI::release                          :     jump_02 (0000018829641D18)
[LOG] SoundI::release                          :  (00000188277F5EA8)
[LOG] SoundI::release                          :     jump_01 (0000018829642398)
[LOG] Thread::callback                         : FMOD Studio update thread finished.
[LOG] Thread::callback                         : FMOD Studio bank load thread finished.
[LOG] Profile::disconnectAll                   : Profiler disconnecting all clients
[LOG] Thread::callback                         : FMOD Studio sample load thread finished.
[LOG] LiveUpdate::release                      : 
[LOG] LiveUpdate::reset                        : Reset connection (reason Disconnected)
[LOG] Thread::callback                         : FMOD stream thread finished.
[LOG] Thread::callback                         : FMOD mixer thread finished.
[LOG] Profile::disconnectAll                   : Profiler disconnecting all clients
[LOG] SystemI::close                           : Closed.
